2017-11-17 10:01:15,401 [Worker-1] INFO  c.g.t.t.d.PublishedGradleVersions - Gradle version information cache is up-to-date. Trying to read.
2017-11-17 10:02:17,268 [Worker-7] INFO  o.e.m.c.i.l.LifecycleMappingFactory - Using org.eclipse.m2e.jdt.JarLifecycleMapping lifecycle mapping for MavenProject: webtest:selenium:0.0.1-SNAPSHOT @ /Volumes/Data/Users/leo/eclipse-workspace/selenium/pom.xml.
2017-11-17 10:02:17,762 [Worker-7] INFO  o.e.m.j.i.AbstractJavaProjectConfigurator - Adding source folder /selenium/src/main/java
2017-11-17 10:02:17,764 [Worker-7] INFO  o.e.m.j.i.AbstractJavaProjectConfigurator - Adding source folder /selenium/src/test/java
2017-11-17 10:02:17,881 [Worker-7] INFO  o.e.m.c.i.p.ProjectConfigurationManager - Imported and configured 1 project(s) in 2 sec
2017-11-17 10:02:19,496 [Worker-14] INFO  o.e.m.c.i.embedder.EclipseLogger - Using 'UTF-8' encoding to copy filtered resources.
2017-11-17 10:02:19,496 [Worker-14] INFO  o.e.m.c.i.embedder.EclipseLogger - skip non existing resourceDirectory /Volumes/Data/Users/leo/eclipse-workspace/selenium/src/main/resources
2017-11-17 10:02:19,500 [Worker-14] INFO  o.e.m.c.i.embedder.EclipseLogger - Using 'UTF-8' encoding to copy filtered resources.
2017-11-17 10:02:19,500 [Worker-14] INFO  o.e.m.c.i.embedder.EclipseLogger - skip non existing resourceDirectory /Volumes/Data/Users/leo/eclipse-workspace/selenium/src/test/resources
2017-11-17 10:04:18,288 [Worker-7] INFO  c.g.t.t.d.PublishedGradleVersions - Gradle version information cache is up-to-date. Trying to read.
2017-11-17 10:06:47,120 [ModalContext] INFO  o.e.m.c.i.e.AbstractTransferListenerAdapter - Downloading https://repo.maven.apache.org/maven2/org/apache/maven/archetypes/maven-archetype-quickstart/1.1/maven-archetype-quickstart-1.1.jar
2017-11-17 10:06:47,379 [ModalContext] INFO  o.e.m.c.i.e.AbstractTransferListenerAdapter - Downloaded https://repo.maven.apache.org/maven2/org/apache/maven/archetypes/maven-archetype-quickstart/1.1/maven-archetype-quickstart-1.1.jar
2017-11-17 10:06:47,546 [ModalContext] INFO  o.e.m.c.i.e.AbstractTransferListenerAdapter - Downloading https://repo.maven.apache.org/maven2/org/apache/maven/archetypes/maven-archetype-quickstart/1.1/maven-archetype-quickstart-1.1.pom
2017-11-17 10:06:47,708 [ModalContext] INFO  o.e.m.c.i.e.AbstractTransferListenerAdapter - Downloaded https://repo.maven.apache.org/maven2/org/apache/maven/archetypes/maven-archetype-quickstart/1.1/maven-archetype-quickstart-1.1.pom
2017-11-17 10:09:38,033 [Worker-5] INFO  o.e.m.c.i.l.LifecycleMappingFactory - Using org.eclipse.m2e.jdt.JarLifecycleMapping lifecycle mapping for MavenProject: webtest:selenium:0.0.1-SNAPSHOT @ /Volumes/Data/Users/leo/workspace/selenium/pom.xml.
2017-11-17 10:09:38,399 [Worker-5] INFO  o.e.m.j.i.AbstractJavaProjectConfigurator - Adding source folder /selenium/src/main/java
2017-11-17 10:09:38,400 [Worker-5] INFO  o.e.m.j.i.AbstractJavaProjectConfigurator - Adding source folder /selenium/src/test/java
2017-11-17 10:09:38,461 [Worker-5] INFO  o.e.m.c.i.p.ProjectConfigurationManager - Imported and configured 1 project(s) in 1 sec
2017-11-17 10:09:39,403 [Worker-11] INFO  o.e.m.c.i.embedder.EclipseLogger - Using 'UTF-8' encoding to copy filtered resources.
2017-11-17 10:09:39,405 [Worker-11] INFO  o.e.m.c.i.embedder.EclipseLogger - skip non existing resourceDirectory /Volumes/Data/Users/leo/workspace/selenium/src/main/resources
2017-11-17 10:09:39,410 [Worker-11] INFO  o.e.m.c.i.embedder.EclipseLogger - Using 'UTF-8' encoding to copy filtered resources.
2017-11-17 10:09:39,410 [Worker-11] INFO  o.e.m.c.i.embedder.EclipseLogger - skip non existing resourceDirectory /Volumes/Data/Users/leo/workspace/selenium/src/test/resources
2017-11-17 10:11:18,225 [Worker-0] INFO  c.g.t.t.d.PublishedGradleVersions - Gradle version information cache is up-to-date. Trying to read.
2017-11-18 16:18:18,329 [Worker-206] INFO  o.e.m.c.i.embedder.EclipseLogger - Using 'UTF-8' encoding to copy filtered resources.
2017-11-18 16:18:18,336 [Worker-206] INFO  o.e.m.c.i.embedder.EclipseLogger - skip non existing resourceDirectory /Volumes/Data/Users/leo/workspace/selenium/src/main/resources
2017-11-18 16:18:18,339 [Worker-206] INFO  o.e.m.c.i.embedder.EclipseLogger - Using 'UTF-8' encoding to copy filtered resources.
2017-11-18 16:18:18,339 [Worker-206] INFO  o.e.m.c.i.embedder.EclipseLogger - skip non existing resourceDirectory /Volumes/Data/Users/leo/workspace/selenium/src/test/resources
2017-11-18 16:19:22,488 [Worker-203] INFO  o.e.m.c.i.embedder.EclipseLogger - Using 'UTF-8' encoding to copy filtered resources.
2017-11-18 16:19:22,489 [Worker-203] INFO  o.e.m.c.i.embedder.EclipseLogger - skip non existing resourceDirectory /Volumes/Data/Users/leo/workspace/selenium/src/main/resources
2017-11-18 16:19:22,491 [Worker-203] INFO  o.e.m.c.i.embedder.EclipseLogger - Using 'UTF-8' encoding to copy filtered resources.
2017-11-18 16:19:22,491 [Worker-203] INFO  o.e.m.c.i.embedder.EclipseLogger - skip non existing resourceDirectory /Volumes/Data/Users/leo/workspace/selenium/src/test/resources
2017-11-18 16:20:04,698 [Worker-4] INFO  c.g.t.t.d.PublishedGradleVersions - Gradle version information cache is out-of-date. Trying to update.
2017-11-18 16:25:43,978 [Worker-16] INFO  o.e.m.c.i.embedder.EclipseLogger - Using 'UTF-8' encoding to copy filtered resources.
2017-11-18 16:25:43,992 [Worker-16] INFO  o.e.m.c.i.embedder.EclipseLogger - skip non existing resourceDirectory /Volumes/Data/Users/leo/workspace/selenium/src/main/resources
2017-11-18 16:25:43,995 [Worker-16] INFO  o.e.m.c.i.embedder.EclipseLogger - Using 'UTF-8' encoding to copy filtered resources.
2017-11-18 16:25:43,995 [Worker-16] INFO  o.e.m.c.i.embedder.EclipseLogger - skip non existing resourceDirectory /Volumes/Data/Users/leo/workspace/selenium/src/test/resources
2017-11-18 16:26:51,817 [Worker-16] INFO  o.e.m.c.i.embedder.EclipseLogger - Using 'UTF-8' encoding to copy filtered resources.
2017-11-18 16:26:51,817 [Worker-16] INFO  o.e.m.c.i.embedder.EclipseLogger - skip non existing resourceDirectory /Volumes/Data/Users/leo/workspace/selenium/src/main/resources
2017-11-18 16:26:51,819 [Worker-16] INFO  o.e.m.c.i.embedder.EclipseLogger - Using 'UTF-8' encoding to copy filtered resources.
2017-11-18 16:26:51,819 [Worker-16] INFO  o.e.m.c.i.embedder.EclipseLogger - skip non existing resourceDirectory /Volumes/Data/Users/leo/workspace/selenium/src/test/resources
2017-11-18 16:31:22,474 [Worker-4] INFO  c.g.t.t.d.PublishedGradleVersions - Gradle version information cache is up-to-date. Trying to read.
2017-11-18 16:32:14,246 [Worker-3] INFO  o.e.m.c.i.embedder.EclipseLogger - Using 'UTF-8' encoding to copy filtered resources.
2017-11-18 16:32:14,249 [Worker-3] INFO  o.e.m.c.i.embedder.EclipseLogger - skip non existing resourceDirectory /Volumes/Data/Users/leo/workspace/selenium/src/main/resources
2017-11-18 16:32:14,253 [Worker-3] INFO  o.e.m.c.i.embedder.EclipseLogger - Using 'UTF-8' encoding to copy filtered resources.
2017-11-18 16:32:14,254 [Worker-3] INFO  o.e.m.c.i.embedder.EclipseLogger - skip non existing resourceDirectory /Volumes/Data/Users/leo/workspace/selenium/src/test/resources
2017-11-18 16:35:39,704 [Worker-4] INFO  o.e.m.c.i.embedder.EclipseLogger - Using 'UTF-8' encoding to copy filtered resources.
2017-11-18 16:35:39,704 [Worker-4] INFO  o.e.m.c.i.embedder.EclipseLogger - skip non existing resourceDirectory /Volumes/Data/Users/leo/workspace/selenium/src/main/resources
2017-11-18 16:35:39,706 [Worker-4] INFO  o.e.m.c.i.embedder.EclipseLogger - Using 'UTF-8' encoding to copy filtered resources.
2017-11-18 16:35:39,706 [Worker-4] INFO  o.e.m.c.i.embedder.EclipseLogger - skip non existing resourceDirectory /Volumes/Data/Users/leo/workspace/selenium/src/test/resources
2017-11-18 16:37:17,277 [Worker-5] INFO  o.e.m.c.i.embedder.EclipseLogger - Using 'UTF-8' encoding to copy filtered resources.
2017-11-18 16:37:17,277 [Worker-5] INFO  o.e.m.c.i.embedder.EclipseLogger - skip non existing resourceDirectory /Volumes/Data/Users/leo/workspace/selenium/src/main/resources
2017-11-18 16:37:17,279 [Worker-5] INFO  o.e.m.c.i.embedder.EclipseLogger - Using 'UTF-8' encoding to copy filtered resources.
2017-11-18 16:37:17,279 [Worker-5] INFO  o.e.m.c.i.embedder.EclipseLogger - skip non existing resourceDirectory /Volumes/Data/Users/leo/workspace/selenium/src/test/resources
2017-11-18 17:07:26,948 [Worker-23] INFO  o.e.m.c.i.embedder.EclipseLogger - Using 'UTF-8' encoding to copy filtered resources.
2017-11-18 17:07:26,950 [Worker-23] INFO  o.e.m.c.i.embedder.EclipseLogger - skip non existing resourceDirectory /Volumes/Data/Users/leo/workspace/selenium/src/main/resources
2017-11-18 17:07:26,967 [Worker-23] INFO  o.e.m.c.i.embedder.EclipseLogger - Using 'UTF-8' encoding to copy filtered resources.
2017-11-18 17:07:26,968 [Worker-23] INFO  o.e.m.c.i.embedder.EclipseLogger - skip non existing resourceDirectory /Volumes/Data/Users/leo/workspace/selenium/src/test/resources
2017-11-18 17:07:31,509 [Worker-19] INFO  o.e.m.c.i.embedder.EclipseLogger - Using 'UTF-8' encoding to copy filtered resources.
2017-11-18 17:07:31,509 [Worker-19] INFO  o.e.m.c.i.embedder.EclipseLogger - skip non existing resourceDirectory /Volumes/Data/Users/leo/workspace/selenium/src/main/resources
2017-11-18 17:07:31,510 [Worker-19] INFO  o.e.m.c.i.embedder.EclipseLogger - Using 'UTF-8' encoding to copy filtered resources.
2017-11-18 17:07:31,511 [Worker-19] INFO  o.e.m.c.i.embedder.EclipseLogger - skip non existing resourceDirectory /Volumes/Data/Users/leo/workspace/selenium/src/test/resources
2017-11-18 17:08:29,312 [Worker-23] INFO  o.e.m.c.i.embedder.EclipseLogger - Using 'UTF-8' encoding to copy filtered resources.
2017-11-18 17:08:29,312 [Worker-23] INFO  o.e.m.c.i.embedder.EclipseLogger - skip non existing resourceDirectory /Volumes/Data/Users/leo/workspace/selenium/src/main/resources
2017-11-18 17:08:29,314 [Worker-23] INFO  o.e.m.c.i.embedder.EclipseLogger - Using 'UTF-8' encoding to copy filtered resources.
2017-11-18 17:08:29,314 [Worker-23] INFO  o.e.m.c.i.embedder.EclipseLogger - skip non existing resourceDirectory /Volumes/Data/Users/leo/workspace/selenium/src/test/resources
2017-11-18 17:09:39,300 [Worker-24] INFO  o.e.m.c.i.embedder.EclipseLogger - Using 'UTF-8' encoding to copy filtered resources.
2017-11-18 17:09:39,300 [Worker-24] INFO  o.e.m.c.i.embedder.EclipseLogger - skip non existing resourceDirectory /Volumes/Data/Users/leo/workspace/selenium/src/main/resources
2017-11-18 17:09:39,302 [Worker-24] INFO  o.e.m.c.i.embedder.EclipseLogger - Using 'UTF-8' encoding to copy filtered resources.
2017-11-18 17:09:39,302 [Worker-24] INFO  o.e.m.c.i.embedder.EclipseLogger - skip non existing resourceDirectory /Volumes/Data/Users/leo/workspace/selenium/src/test/resources
2017-11-18 17:09:49,446 [Worker-18] INFO  o.e.m.c.i.embedder.EclipseLogger - Using 'UTF-8' encoding to copy filtered resources.
2017-11-18 17:09:49,446 [Worker-18] INFO  o.e.m.c.i.embedder.EclipseLogger - skip non existing resourceDirectory /Volumes/Data/Users/leo/workspace/selenium/src/main/resources
2017-11-18 17:09:49,447 [Worker-18] INFO  o.e.m.c.i.embedder.EclipseLogger - Using 'UTF-8' encoding to copy filtered resources.
2017-11-18 17:09:49,448 [Worker-18] INFO  o.e.m.c.i.embedder.EclipseLogger - skip non existing resourceDirectory /Volumes/Data/Users/leo/workspace/selenium/src/test/resources
2017-11-18 17:10:39,353 [Worker-24] INFO  o.e.m.c.i.embedder.EclipseLogger - Using 'UTF-8' encoding to copy filtered resources.
2017-11-18 17:10:39,353 [Worker-24] INFO  o.e.m.c.i.embedder.EclipseLogger - skip non existing resourceDirectory /Volumes/Data/Users/leo/workspace/selenium/src/main/resources
2017-11-18 17:10:39,355 [Worker-24] INFO  o.e.m.c.i.embedder.EclipseLogger - Using 'UTF-8' encoding to copy filtered resources.
2017-11-18 17:10:39,355 [Worker-24] INFO  o.e.m.c.i.embedder.EclipseLogger - skip non existing resourceDirectory /Volumes/Data/Users/leo/workspace/selenium/src/test/resources
2017-11-18 17:14:36,870 [Worker-22] INFO  o.e.m.c.i.e.AbstractTransferListenerAdapter - Downloading https://repo.maven.apache.org/maven2/org/seleniumhq/selenium/selenium-api/3.7.0/selenium-api-3.7.0-sources.jar
2017-11-18 17:14:37,555 [Worker-22] INFO  o.e.m.c.i.e.AbstractTransferListenerAdapter - Downloaded https://repo.maven.apache.org/maven2/org/seleniumhq/selenium/selenium-api/3.7.0/selenium-api-3.7.0-sources.jar
2017-11-18 17:14:37,632 [Worker-22] INFO  o.e.m.j.internal.DownloadSourcesJob - Downloaded sources for org.seleniumhq.selenium:selenium-api:3.7.0
2017-11-18 17:14:37,834 [Worker-22] INFO  o.e.m.c.i.embedder.EclipseLogger - Using 'UTF-8' encoding to copy filtered resources.
2017-11-18 17:14:37,835 [Worker-22] INFO  o.e.m.c.i.embedder.EclipseLogger - skip non existing resourceDirectory /Volumes/Data/Users/leo/workspace/selenium/src/main/resources
2017-11-18 17:14:37,837 [Worker-22] INFO  o.e.m.c.i.embedder.EclipseLogger - Using 'UTF-8' encoding to copy filtered resources.
2017-11-18 17:14:37,837 [Worker-22] INFO  o.e.m.c.i.embedder.EclipseLogger - skip non existing resourceDirectory /Volumes/Data/Users/leo/workspace/selenium/src/test/resources
2017-11-18 17:40:19,645 [Worker-35] INFO  o.e.m.c.i.embedder.EclipseLogger - Using 'UTF-8' encoding to copy filtered resources.
2017-11-18 17:40:19,647 [Worker-35] INFO  o.e.m.c.i.embedder.EclipseLogger - skip non existing resourceDirectory /Volumes/Data/Users/leo/workspace/selenium/src/main/resources
2017-11-18 17:40:19,649 [Worker-35] INFO  o.e.m.c.i.embedder.EclipseLogger - Using 'UTF-8' encoding to copy filtered resources.
2017-11-18 17:40:19,649 [Worker-35] INFO  o.e.m.c.i.embedder.EclipseLogger - skip non existing resourceDirectory /Volumes/Data/Users/leo/workspace/selenium/src/test/resources
2017-11-18 17:42:01,390 [Worker-34] INFO  o.e.m.c.i.embedder.EclipseLogger - Using 'UTF-8' encoding to copy filtered resources.
2017-11-18 17:42:01,391 [Worker-34] INFO  o.e.m.c.i.embedder.EclipseLogger - skip non existing resourceDirectory /Volumes/Data/Users/leo/workspace/selenium/src/main/resources
2017-11-18 17:42:01,392 [Worker-34] INFO  o.e.m.c.i.embedder.EclipseLogger - Using 'UTF-8' encoding to copy filtered resources.
2017-11-18 17:42:01,392 [Worker-34] INFO  o.e.m.c.i.embedder.EclipseLogger - skip non existing resourceDirectory /Volumes/Data/Users/leo/workspace/selenium/src/test/resources
2017-11-18 17:42:39,895 [Worker-36] INFO  o.e.m.c.i.embedder.EclipseLogger - Using 'UTF-8' encoding to copy filtered resources.
2017-11-18 17:42:39,896 [Worker-36] INFO  o.e.m.c.i.embedder.EclipseLogger - skip non existing resourceDirectory /Volumes/Data/Users/leo/workspace/selenium/src/main/resources
2017-11-18 17:42:39,899 [Worker-36] INFO  o.e.m.c.i.embedder.EclipseLogger - Using 'UTF-8' encoding to copy filtered resources.
2017-11-18 17:42:39,899 [Worker-36] INFO  o.e.m.c.i.embedder.EclipseLogger - skip non existing resourceDirectory /Volumes/Data/Users/leo/workspace/selenium/src/test/resources
2017-11-18 17:43:11,210 [Worker-36] INFO  o.e.m.c.i.embedder.EclipseLogger - Using 'UTF-8' encoding to copy filtered resources.
2017-11-18 17:43:11,212 [Worker-36] INFO  o.e.m.c.i.embedder.EclipseLogger - skip non existing resourceDirectory /Volumes/Data/Users/leo/workspace/selenium/src/main/resources
2017-11-18 17:43:11,213 [Worker-36] INFO  o.e.m.c.i.embedder.EclipseLogger - Using 'UTF-8' encoding to copy filtered resources.
2017-11-18 17:43:11,213 [Worker-36] INFO  o.e.m.c.i.embedder.EclipseLogger - skip non existing resourceDirectory /Volumes/Data/Users/leo/workspace/selenium/src/test/resources
2017-11-18 17:43:35,020 [Worker-36] INFO  o.e.m.c.i.embedder.EclipseLogger - Using 'UTF-8' encoding to copy filtered resources.
2017-11-18 17:43:35,020 [Worker-36] INFO  o.e.m.c.i.embedder.EclipseLogger - skip non existing resourceDirectory /Volumes/Data/Users/leo/workspace/selenium/src/main/resources
2017-11-18 17:43:35,022 [Worker-36] INFO  o.e.m.c.i.embedder.EclipseLogger - Using 'UTF-8' encoding to copy filtered resources.
2017-11-18 17:43:35,022 [Worker-36] INFO  o.e.m.c.i.embedder.EclipseLogger - skip non existing resourceDirectory /Volumes/Data/Users/leo/workspace/selenium/src/test/resources
2017-11-18 17:45:40,434 [Worker-29] INFO  o.e.m.c.i.embedder.EclipseLogger - Using 'UTF-8' encoding to copy filtered resources.
2017-11-18 17:45:40,434 [Worker-29] INFO  o.e.m.c.i.embedder.EclipseLogger - skip non existing resourceDirectory /Volumes/Data/Users/leo/workspace/selenium/src/main/resources
2017-11-18 17:45:40,436 [Worker-29] INFO  o.e.m.c.i.embedder.EclipseLogger - Using 'UTF-8' encoding to copy filtered resources.
2017-11-18 17:45:40,437 [Worker-29] INFO  o.e.m.c.i.embedder.EclipseLogger - skip non existing resourceDirectory /Volumes/Data/Users/leo/workspace/selenium/src/test/resources
2017-11-18 17:47:16,658 [Worker-34] INFO  o.e.m.c.i.embedder.EclipseLogger - Using 'UTF-8' encoding to copy filtered resources.
2017-11-18 17:47:16,659 [Worker-34] INFO  o.e.m.c.i.embedder.EclipseLogger - skip non existing resourceDirectory /Volumes/Data/Users/leo/workspace/selenium/src/main/resources
2017-11-18 17:47:16,660 [Worker-34] INFO  o.e.m.c.i.embedder.EclipseLogger - Using 'UTF-8' encoding to copy filtered resources.
2017-11-18 17:47:16,661 [Worker-34] INFO  o.e.m.c.i.embedder.EclipseLogger - skip non existing resourceDirectory /Volumes/Data/Users/leo/workspace/selenium/src/test/resources
2017-11-18 17:48:50,621 [Worker-29] INFO  o.e.m.c.i.embedder.EclipseLogger - Using 'UTF-8' encoding to copy filtered resources.
2017-11-18 17:48:50,622 [Worker-29] INFO  o.e.m.c.i.embedder.EclipseLogger - skip non existing resourceDirectory /Volumes/Data/Users/leo/workspace/selenium/src/main/resources
2017-11-18 17:48:50,628 [Worker-29] INFO  o.e.m.c.i.embedder.EclipseLogger - Using 'UTF-8' encoding to copy filtered resources.
2017-11-18 17:48:50,628 [Worker-29] INFO  o.e.m.c.i.embedder.EclipseLogger - skip non existing resourceDirectory /Volumes/Data/Users/leo/workspace/selenium/src/test/resources
2017-11-18 17:49:51,335 [Worker-29] INFO  o.e.m.c.i.embedder.EclipseLogger - Using 'UTF-8' encoding to copy filtered resources.
2017-11-18 17:49:51,335 [Worker-29] INFO  o.e.m.c.i.embedder.EclipseLogger - skip non existing resourceDirectory /Volumes/Data/Users/leo/workspace/selenium/src/main/resources
2017-11-18 17:49:51,337 [Worker-29] INFO  o.e.m.c.i.embedder.EclipseLogger - Using 'UTF-8' encoding to copy filtered resources.
2017-11-18 17:49:51,337 [Worker-29] INFO  o.e.m.c.i.embedder.EclipseLogger - skip non existing resourceDirectory /Volumes/Data/Users/leo/workspace/selenium/src/test/resources
2017-11-18 17:51:57,473 [Worker-35] INFO  o.e.m.c.i.embedder.EclipseLogger - Using 'UTF-8' encoding to copy filtered resources.
2017-11-18 17:51:57,473 [Worker-35] INFO  o.e.m.c.i.embedder.EclipseLogger - skip non existing resourceDirectory /Volumes/Data/Users/leo/workspace/selenium/src/main/resources
2017-11-18 17:51:57,474 [Worker-35] INFO  o.e.m.c.i.embedder.EclipseLogger - Using 'UTF-8' encoding to copy filtered resources.
2017-11-18 17:51:57,475 [Worker-35] INFO  o.e.m.c.i.embedder.EclipseLogger - skip non existing resourceDirectory /Volumes/Data/Users/leo/workspace/selenium/src/test/resources
2017-11-18 17:53:43,979 [Worker-29] INFO  o.e.m.c.i.embedder.EclipseLogger - Using 'UTF-8' encoding to copy filtered resources.
2017-11-18 17:53:43,979 [Worker-29] INFO  o.e.m.c.i.embedder.EclipseLogger - skip non existing resourceDirectory /Volumes/Data/Users/leo/workspace/selenium/src/main/resources
2017-11-18 17:53:43,981 [Worker-29] INFO  o.e.m.c.i.embedder.EclipseLogger - Using 'UTF-8' encoding to copy filtered resources.
2017-11-18 17:53:43,981 [Worker-29] INFO  o.e.m.c.i.embedder.EclipseLogger - skip non existing resourceDirectory /Volumes/Data/Users/leo/workspace/selenium/src/test/resources
2017-11-18 17:56:26,602 [Worker-39] INFO  o.e.m.c.i.embedder.EclipseLogger - Using 'UTF-8' encoding to copy filtered resources.
2017-11-18 17:56:26,602 [Worker-39] INFO  o.e.m.c.i.embedder.EclipseLogger - skip non existing resourceDirectory /Volumes/Data/Users/leo/workspace/selenium/src/main/resources
2017-11-18 17:56:26,603 [Worker-39] INFO  o.e.m.c.i.embedder.EclipseLogger - Using 'UTF-8' encoding to copy filtered resources.
2017-11-18 17:56:26,604 [Worker-39] INFO  o.e.m.c.i.embedder.EclipseLogger - skip non existing resourceDirectory /Volumes/Data/Users/leo/workspace/selenium/src/test/resources
2017-11-18 18:00:29,640 [Worker-42] INFO  o.e.m.c.i.embedder.EclipseLogger - Using 'UTF-8' encoding to copy filtered resources.
2017-11-18 18:00:29,641 [Worker-42] INFO  o.e.m.c.i.embedder.EclipseLogger - skip non existing resourceDirectory /Volumes/Data/Users/leo/workspace/selenium/src/main/resources
2017-11-18 18:00:29,643 [Worker-42] INFO  o.e.m.c.i.embedder.EclipseLogger - Using 'UTF-8' encoding to copy filtered resources.
2017-11-18 18:00:29,643 [Worker-42] INFO  o.e.m.c.i.embedder.EclipseLogger - skip non existing resourceDirectory /Volumes/Data/Users/leo/workspace/selenium/src/test/resources
2017-11-18 18:03:38,377 [Worker-43] INFO  o.e.m.c.i.embedder.EclipseLogger - Using 'UTF-8' encoding to copy filtered resources.
2017-11-18 18:03:38,379 [Worker-43] INFO  o.e.m.c.i.embedder.EclipseLogger - skip non existing resourceDirectory /Volumes/Data/Users/leo/workspace/selenium/src/main/resources
2017-11-18 18:03:38,381 [Worker-43] INFO  o.e.m.c.i.embedder.EclipseLogger - Using 'UTF-8' encoding to copy filtered resources.
2017-11-18 18:03:38,381 [Worker-43] INFO  o.e.m.c.i.embedder.EclipseLogger - skip non existing resourceDirectory /Volumes/Data/Users/leo/workspace/selenium/src/test/resources
2017-11-18 18:04:07,238 [Worker-44] INFO  o.e.m.c.i.embedder.EclipseLogger - Using 'UTF-8' encoding to copy filtered resources.
2017-11-18 18:04:07,240 [Worker-44] INFO  o.e.m.c.i.embedder.EclipseLogger - skip non existing resourceDirectory /Volumes/Data/Users/leo/workspace/selenium/src/main/resources
2017-11-18 18:04:07,241 [Worker-44] INFO  o.e.m.c.i.embedder.EclipseLogger - Using 'UTF-8' encoding to copy filtered resources.
2017-11-18 18:04:07,241 [Worker-44] INFO  o.e.m.c.i.embedder.EclipseLogger - skip non existing resourceDirectory /Volumes/Data/Users/leo/workspace/selenium/src/test/resources
2017-11-18 18:07:54,065 [Worker-35] INFO  o.e.m.c.i.embedder.EclipseLogger - Using 'UTF-8' encoding to copy filtered resources.
2017-11-18 18:07:54,065 [Worker-35] INFO  o.e.m.c.i.embedder.EclipseLogger - skip non existing resourceDirectory /Volumes/Data/Users/leo/workspace/selenium/src/main/resources
2017-11-18 18:07:54,070 [Worker-35] INFO  o.e.m.c.i.embedder.EclipseLogger - Using 'UTF-8' encoding to copy filtered resources.
2017-11-18 18:07:54,071 [Worker-35] INFO  o.e.m.c.i.embedder.EclipseLogger - skip non existing resourceDirectory /Volumes/Data/Users/leo/workspace/selenium/src/test/resources
2017-11-18 18:08:22,527 [Worker-44] INFO  o.e.m.c.i.embedder.EclipseLogger - Using 'UTF-8' encoding to copy filtered resources.
2017-11-18 18:08:22,527 [Worker-44] INFO  o.e.m.c.i.embedder.EclipseLogger - skip non existing resourceDirectory /Volumes/Data/Users/leo/workspace/selenium/src/main/resources
2017-11-18 18:08:22,528 [Worker-44] INFO  o.e.m.c.i.embedder.EclipseLogger - Using 'UTF-8' encoding to copy filtered resources.
2017-11-18 18:08:22,528 [Worker-44] INFO  o.e.m.c.i.embedder.EclipseLogger - skip non existing resourceDirectory /Volumes/Data/Users/leo/workspace/selenium/src/test/resources
2017-11-18 18:10:37,147 [Worker-45] INFO  o.e.m.c.i.embedder.EclipseLogger - Using 'UTF-8' encoding to copy filtered resources.
2017-11-18 18:10:37,147 [Worker-45] INFO  o.e.m.c.i.embedder.EclipseLogger - skip non existing resourceDirectory /Volumes/Data/Users/leo/workspace/selenium/src/main/resources
2017-11-18 18:10:37,148 [Worker-45] INFO  o.e.m.c.i.embedder.EclipseLogger - Using 'UTF-8' encoding to copy filtered resources.
2017-11-18 18:10:37,149 [Worker-45] INFO  o.e.m.c.i.embedder.EclipseLogger - skip non existing resourceDirectory /Volumes/Data/Users/leo/workspace/selenium/src/test/resources
2017-11-18 18:12:22,681 [Worker-42] INFO  o.e.m.c.i.embedder.EclipseLogger - Using 'UTF-8' encoding to copy filtered resources.
2017-11-18 18:12:22,681 [Worker-42] INFO  o.e.m.c.i.embedder.EclipseLogger - skip non existing resourceDirectory /Volumes/Data/Users/leo/workspace/selenium/src/main/resources
2017-11-18 18:12:22,682 [Worker-42] INFO  o.e.m.c.i.embedder.EclipseLogger - Using 'UTF-8' encoding to copy filtered resources.
2017-11-18 18:12:22,683 [Worker-42] INFO  o.e.m.c.i.embedder.EclipseLogger - skip non existing resourceDirectory /Volumes/Data/Users/leo/workspace/selenium/src/test/resources
2017-11-18 18:13:21,776 [Worker-42] INFO  o.e.m.c.i.embedder.EclipseLogger - Using 'UTF-8' encoding to copy filtered resources.
2017-11-18 18:13:21,776 [Worker-42] INFO  o.e.m.c.i.embedder.EclipseLogger - skip non existing resourceDirectory /Volumes/Data/Users/leo/workspace/selenium/src/main/resources
2017-11-18 18:13:21,778 [Worker-42] INFO  o.e.m.c.i.embedder.EclipseLogger - Using 'UTF-8' encoding to copy filtered resources.
2017-11-18 18:13:21,778 [Worker-42] INFO  o.e.m.c.i.embedder.EclipseLogger - skip non existing resourceDirectory /Volumes/Data/Users/leo/workspace/selenium/src/test/resources
2017-11-18 18:14:23,050 [Worker-47] INFO  o.e.m.c.i.embedder.EclipseLogger - Using 'UTF-8' encoding to copy filtered resources.
2017-11-18 18:14:23,050 [Worker-47] INFO  o.e.m.c.i.embedder.EclipseLogger - skip non existing resourceDirectory /Volumes/Data/Users/leo/workspace/selenium/src/main/resources
2017-11-18 18:14:23,051 [Worker-47] INFO  o.e.m.c.i.embedder.EclipseLogger - Using 'UTF-8' encoding to copy filtered resources.
2017-11-18 18:14:23,051 [Worker-47] INFO  o.e.m.c.i.embedder.EclipseLogger - skip non existing resourceDirectory /Volumes/Data/Users/leo/workspace/selenium/src/test/resources
2017-11-18 18:16:02,263 [Worker-45] INFO  o.e.m.c.i.embedder.EclipseLogger - Using 'UTF-8' encoding to copy filtered resources.
2017-11-18 18:16:02,263 [Worker-45] INFO  o.e.m.c.i.embedder.EclipseLogger - skip non existing resourceDirectory /Volumes/Data/Users/leo/workspace/selenium/src/main/resources
2017-11-18 18:16:02,264 [Worker-45] INFO  o.e.m.c.i.embedder.EclipseLogger - Using 'UTF-8' encoding to copy filtered resources.
2017-11-18 18:16:02,265 [Worker-45] INFO  o.e.m.c.i.embedder.EclipseLogger - skip non existing resourceDirectory /Volumes/Data/Users/leo/workspace/selenium/src/test/resources
2017-11-18 18:16:58,967 [Worker-38] INFO  o.e.m.c.i.embedder.EclipseLogger - Using 'UTF-8' encoding to copy filtered resources.
2017-11-18 18:16:58,967 [Worker-38] INFO  o.e.m.c.i.embedder.EclipseLogger - skip non existing resourceDirectory /Volumes/Data/Users/leo/workspace/selenium/src/main/resources
2017-11-18 18:16:58,969 [Worker-38] INFO  o.e.m.c.i.embedder.EclipseLogger - Using 'UTF-8' encoding to copy filtered resources.
2017-11-18 18:16:58,969 [Worker-38] INFO  o.e.m.c.i.embedder.EclipseLogger - skip non existing resourceDirectory /Volumes/Data/Users/leo/workspace/selenium/src/test/resources
2017-11-18 18:17:24,615 [Worker-44] INFO  o.e.m.c.i.embedder.EclipseLogger - Using 'UTF-8' encoding to copy filtered resources.
2017-11-18 18:17:24,616 [Worker-44] INFO  o.e.m.c.i.embedder.EclipseLogger - skip non existing resourceDirectory /Volumes/Data/Users/leo/workspace/selenium/src/main/resources
2017-11-18 18:17:24,617 [Worker-44] INFO  o.e.m.c.i.embedder.EclipseLogger - Using 'UTF-8' encoding to copy filtered resources.
2017-11-18 18:17:24,617 [Worker-44] INFO  o.e.m.c.i.embedder.EclipseLogger - skip non existing resourceDirectory /Volumes/Data/Users/leo/workspace/selenium/src/test/resources
2017-11-18 18:18:02,359 [Worker-46] INFO  o.e.m.c.i.embedder.EclipseLogger - Using 'UTF-8' encoding to copy filtered resources.
2017-11-18 18:18:02,359 [Worker-46] INFO  o.e.m.c.i.embedder.EclipseLogger - skip non existing resourceDirectory /Volumes/Data/Users/leo/workspace/selenium/src/main/resources
2017-11-18 18:18:02,360 [Worker-46] INFO  o.e.m.c.i.embedder.EclipseLogger - Using 'UTF-8' encoding to copy filtered resources.
2017-11-18 18:18:02,361 [Worker-46] INFO  o.e.m.c.i.embedder.EclipseLogger - skip non existing resourceDirectory /Volumes/Data/Users/leo/workspace/selenium/src/test/resources
2017-11-18 18:20:11,519 [Worker-45] INFO  o.e.m.c.i.embedder.EclipseLogger - Using 'UTF-8' encoding to copy filtered resources.
2017-11-18 18:20:11,520 [Worker-45] INFO  o.e.m.c.i.embedder.EclipseLogger - skip non existing resourceDirectory /Volumes/Data/Users/leo/workspace/selenium/src/main/resources
2017-11-18 18:20:11,521 [Worker-45] INFO  o.e.m.c.i.embedder.EclipseLogger - Using 'UTF-8' encoding to copy filtered resources.
2017-11-18 18:20:11,521 [Worker-45] INFO  o.e.m.c.i.embedder.EclipseLogger - skip non existing resourceDirectory /Volumes/Data/Users/leo/workspace/selenium/src/test/resources
2017-11-18 18:24:18,986 [Worker-48] INFO  o.e.m.c.i.embedder.EclipseLogger - Using 'UTF-8' encoding to copy filtered resources.
2017-11-18 18:24:18,986 [Worker-48] INFO  o.e.m.c.i.embedder.EclipseLogger - skip non existing resourceDirectory /Volumes/Data/Users/leo/workspace/selenium/src/main/resources
2017-11-18 18:24:18,988 [Worker-48] INFO  o.e.m.c.i.embedder.EclipseLogger - Using 'UTF-8' encoding to copy filtered resources.
2017-11-18 18:24:18,988 [Worker-48] INFO  o.e.m.c.i.embedder.EclipseLogger - skip non existing resourceDirectory /Volumes/Data/Users/leo/workspace/selenium/src/test/resources
2017-11-18 18:24:40,552 [Worker-49] INFO  o.e.m.c.i.embedder.EclipseLogger - Using 'UTF-8' encoding to copy filtered resources.
2017-11-18 18:24:40,554 [Worker-49] INFO  o.e.m.c.i.embedder.EclipseLogger - skip non existing resourceDirectory /Volumes/Data/Users/leo/workspace/selenium/src/main/resources
2017-11-18 18:24:40,555 [Worker-49] INFO  o.e.m.c.i.embedder.EclipseLogger - Using 'UTF-8' encoding to copy filtered resources.
2017-11-18 18:24:40,556 [Worker-49] INFO  o.e.m.c.i.embedder.EclipseLogger - skip non existing resourceDirectory /Volumes/Data/Users/leo/workspace/selenium/src/test/resources
2017-11-18 18:25:45,419 [Worker-49] INFO  o.e.m.c.i.embedder.EclipseLogger - Using 'UTF-8' encoding to copy filtered resources.
2017-11-18 18:25:45,420 [Worker-49] INFO  o.e.m.c.i.embedder.EclipseLogger - skip non existing resourceDirectory /Volumes/Data/Users/leo/workspace/selenium/src/main/resources
2017-11-18 18:25:45,421 [Worker-49] INFO  o.e.m.c.i.embedder.EclipseLogger - Using 'UTF-8' encoding to copy filtered resources.
2017-11-18 18:25:45,421 [Worker-49] INFO  o.e.m.c.i.embedder.EclipseLogger - skip non existing resourceDirectory /Volumes/Data/Users/leo/workspace/selenium/src/test/resources
2017-11-18 18:27:02,810 [Worker-49] INFO  o.e.m.c.i.embedder.EclipseLogger - Using 'UTF-8' encoding to copy filtered resources.
2017-11-18 18:27:02,810 [Worker-49] INFO  o.e.m.c.i.embedder.EclipseLogger - skip non existing resourceDirectory /Volumes/Data/Users/leo/workspace/selenium/src/main/resources
2017-11-18 18:27:02,811 [Worker-49] INFO  o.e.m.c.i.embedder.EclipseLogger - Using 'UTF-8' encoding to copy filtered resources.
2017-11-18 18:27:02,811 [Worker-49] INFO  o.e.m.c.i.embedder.EclipseLogger - skip non existing resourceDirectory /Volumes/Data/Users/leo/workspace/selenium/src/test/resources
2017-11-18 18:28:35,054 [Worker-38] INFO  o.e.m.c.i.embedder.EclipseLogger - Using 'UTF-8' encoding to copy filtered resources.
2017-11-18 18:28:35,054 [Worker-38] INFO  o.e.m.c.i.embedder.EclipseLogger - skip non existing resourceDirectory /Volumes/Data/Users/leo/workspace/selenium/src/main/resources
2017-11-18 18:28:35,055 [Worker-38] INFO  o.e.m.c.i.embedder.EclipseLogger - Using 'UTF-8' encoding to copy filtered resources.
2017-11-18 18:28:35,056 [Worker-38] INFO  o.e.m.c.i.embedder.EclipseLogger - skip non existing resourceDirectory /Volumes/Data/Users/leo/workspace/selenium/src/test/resources
2017-11-18 18:30:22,875 [Worker-51] INFO  o.e.m.c.i.embedder.EclipseLogger - Using 'UTF-8' encoding to copy filtered resources.
2017-11-18 18:30:22,877 [Worker-51] INFO  o.e.m.c.i.embedder.EclipseLogger - skip non existing resourceDirectory /Volumes/Data/Users/leo/workspace/selenium/src/main/resources
2017-11-18 18:30:22,878 [Worker-51] INFO  o.e.m.c.i.embedder.EclipseLogger - Using 'UTF-8' encoding to copy filtered resources.
2017-11-18 18:30:22,878 [Worker-51] INFO  o.e.m.c.i.embedder.EclipseLogger - skip non existing resourceDirectory /Volumes/Data/Users/leo/workspace/selenium/src/test/resources
2017-11-18 18:30:50,205 [Worker-49] INFO  o.e.m.c.i.embedder.EclipseLogger - Using 'UTF-8' encoding to copy filtered resources.
2017-11-18 18:30:50,205 [Worker-49] INFO  o.e.m.c.i.embedder.EclipseLogger - skip non existing resourceDirectory /Volumes/Data/Users/leo/workspace/selenium/src/main/resources
2017-11-18 18:30:50,208 [Worker-49] INFO  o.e.m.c.i.embedder.EclipseLogger - Using 'UTF-8' encoding to copy filtered resources.
2017-11-18 18:30:50,209 [Worker-49] INFO  o.e.m.c.i.embedder.EclipseLogger - skip non existing resourceDirectory /Volumes/Data/Users/leo/workspace/selenium/src/test/resources
2017-11-18 18:32:06,500 [Worker-48] INFO  o.e.m.c.i.embedder.EclipseLogger - Using 'UTF-8' encoding to copy filtered resources.
2017-11-18 18:32:06,501 [Worker-48] INFO  o.e.m.c.i.embedder.EclipseLogger - skip non existing resourceDirectory /Volumes/Data/Users/leo/workspace/selenium/src/main/resources
2017-11-18 18:32:06,502 [Worker-48] INFO  o.e.m.c.i.embedder.EclipseLogger - Using 'UTF-8' encoding to copy filtered resources.
2017-11-18 18:32:06,502 [Worker-48] INFO  o.e.m.c.i.embedder.EclipseLogger - skip non existing resourceDirectory /Volumes/Data/Users/leo/workspace/selenium/src/test/resources
2017-11-18 18:33:25,050 [Worker-49] INFO  o.e.m.c.i.embedder.EclipseLogger - Using 'UTF-8' encoding to copy filtered resources.
2017-11-18 18:33:25,051 [Worker-49] INFO  o.e.m.c.i.embedder.EclipseLogger - skip non existing resourceDirectory /Volumes/Data/Users/leo/workspace/selenium/src/main/resources
2017-11-18 18:33:25,052 [Worker-49] INFO  o.e.m.c.i.embedder.EclipseLogger - Using 'UTF-8' encoding to copy filtered resources.
2017-11-18 18:33:25,053 [Worker-49] INFO  o.e.m.c.i.embedder.EclipseLogger - skip non existing resourceDirectory /Volumes/Data/Users/leo/workspace/selenium/src/test/resources
2017-11-20 10:20:00,418 [Worker-172] INFO  o.e.m.c.i.embedder.EclipseLogger - Using 'UTF-8' encoding to copy filtered resources.
2017-11-20 10:20:00,419 [Worker-172] INFO  o.e.m.c.i.embedder.EclipseLogger - skip non existing resourceDirectory /Volumes/Data/Users/leo/workspace/selenium/src/main/resources
2017-11-20 10:20:00,420 [Worker-172] INFO  o.e.m.c.i.embedder.EclipseLogger - Using 'UTF-8' encoding to copy filtered resources.
2017-11-20 10:20:00,421 [Worker-172] INFO  o.e.m.c.i.embedder.EclipseLogger - skip non existing resourceDirectory /Volumes/Data/Users/leo/workspace/selenium/src/test/resources
2017-11-20 10:35:35,174 [Worker-191] INFO  o.e.m.c.i.embedder.EclipseLogger - Using 'UTF-8' encoding to copy filtered resources.
2017-11-20 10:35:35,175 [Worker-191] INFO  o.e.m.c.i.embedder.EclipseLogger - skip non existing resourceDirectory /Volumes/Data/Users/leo/workspace/selenium/src/main/resources
2017-11-20 10:35:35,177 [Worker-191] INFO  o.e.m.c.i.embedder.EclipseLogger - Using 'UTF-8' encoding to copy filtered resources.
2017-11-20 10:35:35,177 [Worker-191] INFO  o.e.m.c.i.embedder.EclipseLogger - skip non existing resourceDirectory /Volumes/Data/Users/leo/workspace/selenium/src/test/resources
2017-11-20 10:36:00,202 [Worker-190] INFO  o.e.m.c.i.embedder.EclipseLogger - Using 'UTF-8' encoding to copy filtered resources.
2017-11-20 10:36:00,202 [Worker-190] INFO  o.e.m.c.i.embedder.EclipseLogger - skip non existing resourceDirectory /Volumes/Data/Users/leo/workspace/selenium/src/main/resources
2017-11-20 10:36:00,204 [Worker-190] INFO  o.e.m.c.i.embedder.EclipseLogger - Using 'UTF-8' encoding to copy filtered resources.
2017-11-20 10:36:00,204 [Worker-190] INFO  o.e.m.c.i.embedder.EclipseLogger - skip non existing resourceDirectory /Volumes/Data/Users/leo/workspace/selenium/src/test/resources
2017-11-20 10:36:28,125 [Worker-191] INFO  o.e.m.c.i.embedder.EclipseLogger - Using 'UTF-8' encoding to copy filtered resources.
2017-11-20 10:36:28,125 [Worker-191] INFO  o.e.m.c.i.embedder.EclipseLogger - skip non existing resourceDirectory /Volumes/Data/Users/leo/workspace/selenium/src/main/resources
2017-11-20 10:36:28,126 [Worker-191] INFO  o.e.m.c.i.embedder.EclipseLogger - Using 'UTF-8' encoding to copy filtered resources.
2017-11-20 10:36:28,126 [Worker-191] INFO  o.e.m.c.i.embedder.EclipseLogger - skip non existing resourceDirectory /Volumes/Data/Users/leo/workspace/selenium/src/test/resources
2017-11-20 10:36:58,678 [Worker-191] INFO  o.e.m.c.i.embedder.EclipseLogger - Using 'UTF-8' encoding to copy filtered resources.
2017-11-20 10:36:58,679 [Worker-191] INFO  o.e.m.c.i.embedder.EclipseLogger - skip non existing resourceDirectory /Volumes/Data/Users/leo/workspace/selenium/src/main/resources
2017-11-20 10:36:58,680 [Worker-191] INFO  o.e.m.c.i.embedder.EclipseLogger - Using 'UTF-8' encoding to copy filtered resources.
2017-11-20 10:36:58,680 [Worker-191] INFO  o.e.m.c.i.embedder.EclipseLogger - skip non existing resourceDirectory /Volumes/Data/Users/leo/workspace/selenium/src/test/resources
2017-11-20 10:39:53,667 [Worker-190] INFO  o.e.m.c.i.embedder.EclipseLogger - Using 'UTF-8' encoding to copy filtered resources.
2017-11-20 10:39:53,667 [Worker-190] INFO  o.e.m.c.i.embedder.EclipseLogger - skip non existing resourceDirectory /Volumes/Data/Users/leo/workspace/selenium/src/main/resources
2017-11-20 10:39:53,668 [Worker-190] INFO  o.e.m.c.i.embedder.EclipseLogger - Using 'UTF-8' encoding to copy filtered resources.
2017-11-20 10:39:53,668 [Worker-190] INFO  o.e.m.c.i.embedder.EclipseLogger - skip non existing resourceDirectory /Volumes/Data/Users/leo/workspace/selenium/src/test/resources
2017-11-20 10:42:42,101 [Worker-190] INFO  o.e.m.c.i.embedder.EclipseLogger - Using 'UTF-8' encoding to copy filtered resources.
2017-11-20 10:42:42,101 [Worker-190] INFO  o.e.m.c.i.embedder.EclipseLogger - skip non existing resourceDirectory /Volumes/Data/Users/leo/workspace/selenium/src/main/resources
2017-11-20 10:42:42,103 [Worker-190] INFO  o.e.m.c.i.embedder.EclipseLogger - Using 'UTF-8' encoding to copy filtered resources.
2017-11-20 10:42:42,103 [Worker-190] INFO  o.e.m.c.i.embedder.EclipseLogger - skip non existing resourceDirectory /Volumes/Data/Users/leo/workspace/selenium/src/test/resources
2017-11-20 10:42:52,681 [Worker-191] INFO  o.e.m.c.i.embedder.EclipseLogger - Using 'UTF-8' encoding to copy filtered resources.
2017-11-20 10:42:52,681 [Worker-191] INFO  o.e.m.c.i.embedder.EclipseLogger - skip non existing resourceDirectory /Volumes/Data/Users/leo/workspace/selenium/src/main/resources
2017-11-20 10:42:52,682 [Worker-191] INFO  o.e.m.c.i.embedder.EclipseLogger - Using 'UTF-8' encoding to copy filtered resources.
2017-11-20 10:42:52,682 [Worker-191] INFO  o.e.m.c.i.embedder.EclipseLogger - skip non existing resourceDirectory /Volumes/Data/Users/leo/workspace/selenium/src/test/resources
2017-11-20 10:43:19,259 [Worker-195] INFO  o.e.m.c.i.embedder.EclipseLogger - Using 'UTF-8' encoding to copy filtered resources.
2017-11-20 10:43:19,259 [Worker-195] INFO  o.e.m.c.i.embedder.EclipseLogger - skip non existing resourceDirectory /Volumes/Data/Users/leo/workspace/selenium/src/main/resources
2017-11-20 10:43:19,263 [Worker-195] INFO  o.e.m.c.i.embedder.EclipseLogger - Using 'UTF-8' encoding to copy filtered resources.
2017-11-20 10:43:19,263 [Worker-195] INFO  o.e.m.c.i.embedder.EclipseLogger - skip non existing resourceDirectory /Volumes/Data/Users/leo/workspace/selenium/src/test/resources
2017-11-20 10:43:43,588 [Worker-193] INFO  o.e.m.c.i.embedder.EclipseLogger - Using 'UTF-8' encoding to copy filtered resources.
2017-11-20 10:43:43,589 [Worker-193] INFO  o.e.m.c.i.embedder.EclipseLogger - skip non existing resourceDirectory /Volumes/Data/Users/leo/workspace/selenium/src/main/resources
2017-11-20 10:43:43,590 [Worker-193] INFO  o.e.m.c.i.embedder.EclipseLogger - Using 'UTF-8' encoding to copy filtered resources.
2017-11-20 10:43:43,590 [Worker-193] INFO  o.e.m.c.i.embedder.EclipseLogger - skip non existing resourceDirectory /Volumes/Data/Users/leo/workspace/selenium/src/test/resources
2017-11-20 10:44:26,705 [Worker-193] INFO  o.e.m.c.i.embedder.EclipseLogger - Using 'UTF-8' encoding to copy filtered resources.
2017-11-20 10:44:26,705 [Worker-193] INFO  o.e.m.c.i.embedder.EclipseLogger - skip non existing resourceDirectory /Volumes/Data/Users/leo/workspace/selenium/src/main/resources
2017-11-20 10:44:26,707 [Worker-193] INFO  o.e.m.c.i.embedder.EclipseLogger - Using 'UTF-8' encoding to copy filtered resources.
2017-11-20 10:44:26,707 [Worker-193] INFO  o.e.m.c.i.embedder.EclipseLogger - skip non existing resourceDirectory /Volumes/Data/Users/leo/workspace/selenium/src/test/resources
2017-11-20 10:48:04,376 [Worker-191] INFO  o.e.m.c.i.embedder.EclipseLogger - Using 'UTF-8' encoding to copy filtered resources.
2017-11-20 10:48:04,376 [Worker-191] INFO  o.e.m.c.i.embedder.EclipseLogger - skip non existing resourceDirectory /Volumes/Data/Users/leo/workspace/selenium/src/main/resources
2017-11-20 10:48:04,377 [Worker-191] INFO  o.e.m.c.i.embedder.EclipseLogger - Using 'UTF-8' encoding to copy filtered resources.
2017-11-20 10:48:04,378 [Worker-191] INFO  o.e.m.c.i.embedder.EclipseLogger - skip non existing resourceDirectory /Volumes/Data/Users/leo/workspace/selenium/src/test/resources
2017-11-20 10:48:17,194 [Worker-192] INFO  o.e.m.c.i.embedder.EclipseLogger - Using 'UTF-8' encoding to copy filtered resources.
2017-11-20 10:48:17,194 [Worker-192] INFO  o.e.m.c.i.embedder.EclipseLogger - skip non existing resourceDirectory /Volumes/Data/Users/leo/workspace/selenium/src/main/resources
2017-11-20 10:48:17,197 [Worker-192] INFO  o.e.m.c.i.embedder.EclipseLogger - Using 'UTF-8' encoding to copy filtered resources.
2017-11-20 10:48:17,198 [Worker-192] INFO  o.e.m.c.i.embedder.EclipseLogger - skip non existing resourceDirectory /Volumes/Data/Users/leo/workspace/selenium/src/test/resources
2017-11-20 10:48:29,749 [Worker-197] INFO  o.e.m.c.i.embedder.EclipseLogger - Using 'UTF-8' encoding to copy filtered resources.
2017-11-20 10:48:29,749 [Worker-197] INFO  o.e.m.c.i.embedder.EclipseLogger - skip non existing resourceDirectory /Volumes/Data/Users/leo/workspace/selenium/src/main/resources
2017-11-20 10:48:29,750 [Worker-197] INFO  o.e.m.c.i.embedder.EclipseLogger - Using 'UTF-8' encoding to copy filtered resources.
2017-11-20 10:48:29,750 [Worker-197] INFO  o.e.m.c.i.embedder.EclipseLogger - skip non existing resourceDirectory /Volumes/Data/Users/leo/workspace/selenium/src/test/resources
2017-11-20 10:48:41,286 [Worker-191] INFO  o.e.m.c.i.embedder.EclipseLogger - Using 'UTF-8' encoding to copy filtered resources.
2017-11-20 10:48:41,286 [Worker-191] INFO  o.e.m.c.i.embedder.EclipseLogger - skip non existing resourceDirectory /Volumes/Data/Users/leo/workspace/selenium/src/main/resources
2017-11-20 10:48:41,287 [Worker-191] INFO  o.e.m.c.i.embedder.EclipseLogger - Using 'UTF-8' encoding to copy filtered resources.
2017-11-20 10:48:41,287 [Worker-191] INFO  o.e.m.c.i.embedder.EclipseLogger - skip non existing resourceDirectory /Volumes/Data/Users/leo/workspace/selenium/src/test/resources
2017-11-20 10:59:37,292 [Worker-200] INFO  o.e.m.c.i.embedder.EclipseLogger - Using 'UTF-8' encoding to copy filtered resources.
2017-11-20 10:59:37,292 [Worker-200] INFO  o.e.m.c.i.embedder.EclipseLogger - skip non existing resourceDirectory /Volumes/Data/Users/leo/workspace/selenium/src/main/resources
2017-11-20 10:59:37,294 [Worker-200] INFO  o.e.m.c.i.embedder.EclipseLogger - Using 'UTF-8' encoding to copy filtered resources.
2017-11-20 10:59:37,294 [Worker-200] INFO  o.e.m.c.i.embedder.EclipseLogger - skip non existing resourceDirectory /Volumes/Data/Users/leo/workspace/selenium/src/test/resources
2017-11-20 11:00:31,399 [Worker-202] INFO  o.e.m.c.i.embedder.EclipseLogger - Using 'UTF-8' encoding to copy filtered resources.
2017-11-20 11:00:31,400 [Worker-202] INFO  o.e.m.c.i.embedder.EclipseLogger - skip non existing resourceDirectory /Volumes/Data/Users/leo/workspace/selenium/src/main/resources
2017-11-20 11:00:31,403 [Worker-202] INFO  o.e.m.c.i.embedder.EclipseLogger - Using 'UTF-8' encoding to copy filtered resources.
2017-11-20 11:00:31,403 [Worker-202] INFO  o.e.m.c.i.embedder.EclipseLogger - skip non existing resourceDirectory /Volumes/Data/Users/leo/workspace/selenium/src/test/resources
2017-11-20 11:02:32,121 [Worker-184] INFO  o.e.m.c.i.embedder.EclipseLogger - Using 'UTF-8' encoding to copy filtered resources.
2017-11-20 11:02:32,121 [Worker-184] INFO  o.e.m.c.i.embedder.EclipseLogger - skip non existing resourceDirectory /Volumes/Data/Users/leo/workspace/selenium/src/main/resources
2017-11-20 11:02:32,123 [Worker-184] INFO  o.e.m.c.i.embedder.EclipseLogger - Using 'UTF-8' encoding to copy filtered resources.
2017-11-20 11:02:32,123 [Worker-184] INFO  o.e.m.c.i.embedder.EclipseLogger - skip non existing resourceDirectory /Volumes/Data/Users/leo/workspace/selenium/src/test/resources
2017-11-20 11:03:11,325 [Worker-202] INFO  o.e.m.c.i.embedder.EclipseLogger - Using 'UTF-8' encoding to copy filtered resources.
2017-11-20 11:03:11,325 [Worker-202] INFO  o.e.m.c.i.embedder.EclipseLogger - skip non existing resourceDirectory /Volumes/Data/Users/leo/workspace/selenium/src/main/resources
2017-11-20 11:03:11,326 [Worker-202] INFO  o.e.m.c.i.embedder.EclipseLogger - Using 'UTF-8' encoding to copy filtered resources.
2017-11-20 11:03:11,327 [Worker-202] INFO  o.e.m.c.i.embedder.EclipseLogger - skip non existing resourceDirectory /Volumes/Data/Users/leo/workspace/selenium/src/test/resources
2017-11-20 11:03:28,171 [Worker-200] INFO  o.e.m.c.i.embedder.EclipseLogger - Using 'UTF-8' encoding to copy filtered resources.
2017-11-20 11:03:28,172 [Worker-200] INFO  o.e.m.c.i.embedder.EclipseLogger - skip non existing resourceDirectory /Volumes/Data/Users/leo/workspace/selenium/src/main/resources
2017-11-20 11:03:28,173 [Worker-200] INFO  o.e.m.c.i.embedder.EclipseLogger - Using 'UTF-8' encoding to copy filtered resources.
2017-11-20 11:03:28,173 [Worker-200] INFO  o.e.m.c.i.embedder.EclipseLogger - skip non existing resourceDirectory /Volumes/Data/Users/leo/workspace/selenium/src/test/resources
2017-11-20 11:04:51,001 [Worker-202] INFO  o.e.m.c.i.embedder.EclipseLogger - Using 'UTF-8' encoding to copy filtered resources.
2017-11-20 11:04:51,001 [Worker-202] INFO  o.e.m.c.i.embedder.EclipseLogger - skip non existing resourceDirectory /Volumes/Data/Users/leo/workspace/selenium/src/main/resources
2017-11-20 11:04:51,002 [Worker-202] INFO  o.e.m.c.i.embedder.EclipseLogger - Using 'UTF-8' encoding to copy filtered resources.
2017-11-20 11:04:51,002 [Worker-202] INFO  o.e.m.c.i.embedder.EclipseLogger - skip non existing resourceDirectory /Volumes/Data/Users/leo/workspace/selenium/src/test/resources
2017-11-20 11:07:41,825 [Worker-198] INFO  o.e.m.c.i.embedder.EclipseLogger - Using 'UTF-8' encoding to copy filtered resources.
2017-11-20 11:07:41,826 [Worker-198] INFO  o.e.m.c.i.embedder.EclipseLogger - skip non existing resourceDirectory /Volumes/Data/Users/leo/workspace/selenium/src/main/resources
2017-11-20 11:07:41,827 [Worker-198] INFO  o.e.m.c.i.embedder.EclipseLogger - Using 'UTF-8' encoding to copy filtered resources.
2017-11-20 11:07:41,827 [Worker-198] INFO  o.e.m.c.i.embedder.EclipseLogger - skip non existing resourceDirectory /Volumes/Data/Users/leo/workspace/selenium/src/test/resources
2017-11-20 11:09:52,687 [Worker-198] INFO  o.e.m.c.i.embedder.EclipseLogger - Using 'UTF-8' encoding to copy filtered resources.
2017-11-20 11:09:52,688 [Worker-198] INFO  o.e.m.c.i.embedder.EclipseLogger - skip non existing resourceDirectory /Volumes/Data/Users/leo/workspace/selenium/src/main/resources
2017-11-20 11:09:52,691 [Worker-198] INFO  o.e.m.c.i.embedder.EclipseLogger - Using 'UTF-8' encoding to copy filtered resources.
2017-11-20 11:09:52,691 [Worker-198] INFO  o.e.m.c.i.embedder.EclipseLogger - skip non existing resourceDirectory /Volumes/Data/Users/leo/workspace/selenium/src/test/resources
2017-11-20 11:10:57,450 [Worker-201] INFO  o.e.m.c.i.embedder.EclipseLogger - Using 'UTF-8' encoding to copy filtered resources.
2017-11-20 11:10:57,450 [Worker-201] INFO  o.e.m.c.i.embedder.EclipseLogger - skip non existing resourceDirectory /Volumes/Data/Users/leo/workspace/selenium/src/main/resources
2017-11-20 11:10:57,451 [Worker-201] INFO  o.e.m.c.i.embedder.EclipseLogger - Using 'UTF-8' encoding to copy filtered resources.
2017-11-20 11:10:57,451 [Worker-201] INFO  o.e.m.c.i.embedder.EclipseLogger - skip non existing resourceDirectory /Volumes/Data/Users/leo/workspace/selenium/src/test/resources
2017-11-20 11:13:40,430 [Worker-201] INFO  o.e.m.c.i.embedder.EclipseLogger - Using 'UTF-8' encoding to copy filtered resources.
2017-11-20 11:13:40,430 [Worker-201] INFO  o.e.m.c.i.embedder.EclipseLogger - skip non existing resourceDirectory /Volumes/Data/Users/leo/workspace/selenium/src/main/resources
2017-11-20 11:13:40,431 [Worker-201] INFO  o.e.m.c.i.embedder.EclipseLogger - Using 'UTF-8' encoding to copy filtered resources.
2017-11-20 11:13:40,431 [Worker-201] INFO  o.e.m.c.i.embedder.EclipseLogger - skip non existing resourceDirectory /Volumes/Data/Users/leo/workspace/selenium/src/test/resources
2017-11-20 11:15:09,866 [Worker-198] INFO  o.e.m.c.i.embedder.EclipseLogger - Using 'UTF-8' encoding to copy filtered resources.
2017-11-20 11:15:09,866 [Worker-198] INFO  o.e.m.c.i.embedder.EclipseLogger - skip non existing resourceDirectory /Volumes/Data/Users/leo/workspace/selenium/src/main/resources
2017-11-20 11:15:09,867 [Worker-198] INFO  o.e.m.c.i.embedder.EclipseLogger - Using 'UTF-8' encoding to copy filtered resources.
2017-11-20 11:15:09,868 [Worker-198] INFO  o.e.m.c.i.embedder.EclipseLogger - skip non existing resourceDirectory /Volumes/Data/Users/leo/workspace/selenium/src/test/resources
2017-11-20 11:15:52,509 [Worker-207] INFO  o.e.m.c.i.embedder.EclipseLogger - Using 'UTF-8' encoding to copy filtered resources.
2017-11-20 11:15:52,509 [Worker-207] INFO  o.e.m.c.i.embedder.EclipseLogger - skip non existing resourceDirectory /Volumes/Data/Users/leo/workspace/selenium/src/main/resources
2017-11-20 11:15:52,509 [Worker-207] INFO  o.e.m.c.i.embedder.EclipseLogger - Using 'UTF-8' encoding to copy filtered resources.
2017-11-20 11:15:52,510 [Worker-207] INFO  o.e.m.c.i.embedder.EclipseLogger - skip non existing resourceDirectory /Volumes/Data/Users/leo/workspace/selenium/src/test/resources
2017-11-20 11:18:10,135 [Worker-198] INFO  o.e.m.c.i.embedder.EclipseLogger - Using 'UTF-8' encoding to copy filtered resources.
2017-11-20 11:18:10,135 [Worker-198] INFO  o.e.m.c.i.embedder.EclipseLogger - skip non existing resourceDirectory /Volumes/Data/Users/leo/workspace/selenium/src/main/resources
2017-11-20 11:18:10,138 [Worker-198] INFO  o.e.m.c.i.embedder.EclipseLogger - Using 'UTF-8' encoding to copy filtered resources.
2017-11-20 11:18:10,139 [Worker-198] INFO  o.e.m.c.i.embedder.EclipseLogger - skip non existing resourceDirectory /Volumes/Data/Users/leo/workspace/selenium/src/test/resources
2017-11-20 11:18:47,238 [Worker-208] INFO  o.e.m.c.i.embedder.EclipseLogger - Using 'UTF-8' encoding to copy filtered resources.
2017-11-20 11:18:47,238 [Worker-208] INFO  o.e.m.c.i.embedder.EclipseLogger - skip non existing resourceDirectory /Volumes/Data/Users/leo/workspace/selenium/src/main/resources
2017-11-20 11:18:47,239 [Worker-208] INFO  o.e.m.c.i.embedder.EclipseLogger - Using 'UTF-8' encoding to copy filtered resources.
2017-11-20 11:18:47,239 [Worker-208] INFO  o.e.m.c.i.embedder.EclipseLogger - skip non existing resourceDirectory /Volumes/Data/Users/leo/workspace/selenium/src/test/resources
2017-11-20 11:19:14,962 [Worker-205] INFO  o.e.m.c.i.embedder.EclipseLogger - Using 'UTF-8' encoding to copy filtered resources.
2017-11-20 11:19:14,962 [Worker-205] INFO  o.e.m.c.i.embedder.EclipseLogger - skip non existing resourceDirectory /Volumes/Data/Users/leo/workspace/selenium/src/main/resources
2017-11-20 11:19:14,963 [Worker-205] INFO  o.e.m.c.i.embedder.EclipseLogger - Using 'UTF-8' encoding to copy filtered resources.
2017-11-20 11:19:14,963 [Worker-205] INFO  o.e.m.c.i.embedder.EclipseLogger - skip non existing resourceDirectory /Volumes/Data/Users/leo/workspace/selenium/src/test/resources
2017-11-20 11:20:06,542 [Worker-201] INFO  o.e.m.c.i.embedder.EclipseLogger - Using 'UTF-8' encoding to copy filtered resources.
2017-11-20 11:20:06,542 [Worker-201] INFO  o.e.m.c.i.embedder.EclipseLogger - skip non existing resourceDirectory /Volumes/Data/Users/leo/workspace/selenium/src/main/resources
2017-11-20 11:20:06,543 [Worker-201] INFO  o.e.m.c.i.embedder.EclipseLogger - Using 'UTF-8' encoding to copy filtered resources.
2017-11-20 11:20:06,543 [Worker-201] INFO  o.e.m.c.i.embedder.EclipseLogger - skip non existing resourceDirectory /Volumes/Data/Users/leo/workspace/selenium/src/test/resources
2017-11-20 11:25:20,573 [Worker-207] INFO  o.e.m.c.i.embedder.EclipseLogger - Using 'UTF-8' encoding to copy filtered resources.
2017-11-20 11:25:20,573 [Worker-207] INFO  o.e.m.c.i.embedder.EclipseLogger - skip non existing resourceDirectory /Volumes/Data/Users/leo/workspace/selenium/src/main/resources
2017-11-20 11:25:20,574 [Worker-207] INFO  o.e.m.c.i.embedder.EclipseLogger - Using 'UTF-8' encoding to copy filtered resources.
2017-11-20 11:25:20,574 [Worker-207] INFO  o.e.m.c.i.embedder.EclipseLogger - skip non existing resourceDirectory /Volumes/Data/Users/leo/workspace/selenium/src/test/resources
2017-11-20 11:26:31,765 [Worker-208] INFO  o.e.m.c.i.embedder.EclipseLogger - Using 'UTF-8' encoding to copy filtered resources.
2017-11-20 11:26:31,765 [Worker-208] INFO  o.e.m.c.i.embedder.EclipseLogger - skip non existing resourceDirectory /Volumes/Data/Users/leo/workspace/selenium/src/main/resources
2017-11-20 11:26:31,767 [Worker-208] INFO  o.e.m.c.i.embedder.EclipseLogger - Using 'UTF-8' encoding to copy filtered resources.
2017-11-20 11:26:31,767 [Worker-208] INFO  o.e.m.c.i.embedder.EclipseLogger - skip non existing resourceDirectory /Volumes/Data/Users/leo/workspace/selenium/src/test/resources
2017-11-20 11:27:43,898 [Worker-207] INFO  o.e.m.c.i.embedder.EclipseLogger - Using 'UTF-8' encoding to copy filtered resources.
2017-11-20 11:27:43,898 [Worker-207] INFO  o.e.m.c.i.embedder.EclipseLogger - skip non existing resourceDirectory /Volumes/Data/Users/leo/workspace/selenium/src/main/resources
2017-11-20 11:27:43,899 [Worker-207] INFO  o.e.m.c.i.embedder.EclipseLogger - Using 'UTF-8' encoding to copy filtered resources.
2017-11-20 11:27:43,899 [Worker-207] INFO  o.e.m.c.i.embedder.EclipseLogger - skip non existing resourceDirectory /Volumes/Data/Users/leo/workspace/selenium/src/test/resources
2017-11-20 11:27:57,613 [Worker-209] INFO  o.e.m.c.i.embedder.EclipseLogger - Using 'UTF-8' encoding to copy filtered resources.
2017-11-20 11:27:57,613 [Worker-209] INFO  o.e.m.c.i.embedder.EclipseLogger - skip non existing resourceDirectory /Volumes/Data/Users/leo/workspace/selenium/src/main/resources
2017-11-20 11:27:57,614 [Worker-209] INFO  o.e.m.c.i.embedder.EclipseLogger - Using 'UTF-8' encoding to copy filtered resources.
2017-11-20 11:27:57,614 [Worker-209] INFO  o.e.m.c.i.embedder.EclipseLogger - skip non existing resourceDirectory /Volumes/Data/Users/leo/workspace/selenium/src/test/resources
2017-11-20 11:28:13,813 [Worker-205] INFO  o.e.m.c.i.embedder.EclipseLogger - Using 'UTF-8' encoding to copy filtered resources.
2017-11-20 11:28:13,813 [Worker-205] INFO  o.e.m.c.i.embedder.EclipseLogger - skip non existing resourceDirectory /Volumes/Data/Users/leo/workspace/selenium/src/main/resources
2017-11-20 11:28:13,814 [Worker-205] INFO  o.e.m.c.i.embedder.EclipseLogger - Using 'UTF-8' encoding to copy filtered resources.
2017-11-20 11:28:13,814 [Worker-205] INFO  o.e.m.c.i.embedder.EclipseLogger - skip non existing resourceDirectory /Volumes/Data/Users/leo/workspace/selenium/src/test/resources
2017-11-20 11:28:37,390 [Worker-208] INFO  o.e.m.c.i.embedder.EclipseLogger - Using 'UTF-8' encoding to copy filtered resources.
2017-11-20 11:28:37,390 [Worker-208] INFO  o.e.m.c.i.embedder.EclipseLogger - skip non existing resourceDirectory /Volumes/Data/Users/leo/workspace/selenium/src/main/resources
2017-11-20 11:28:37,391 [Worker-208] INFO  o.e.m.c.i.embedder.EclipseLogger - Using 'UTF-8' encoding to copy filtered resources.
2017-11-20 11:28:37,391 [Worker-208] INFO  o.e.m.c.i.embedder.EclipseLogger - skip non existing resourceDirectory /Volumes/Data/Users/leo/workspace/selenium/src/test/resources
2017-11-20 11:31:50,041 [Worker-201] INFO  o.e.m.c.i.embedder.EclipseLogger - Using 'UTF-8' encoding to copy filtered resources.
2017-11-20 11:31:50,041 [Worker-201] INFO  o.e.m.c.i.embedder.EclipseLogger - skip non existing resourceDirectory /Volumes/Data/Users/leo/workspace/selenium/src/main/resources
2017-11-20 11:31:50,042 [Worker-201] INFO  o.e.m.c.i.embedder.EclipseLogger - Using 'UTF-8' encoding to copy filtered resources.
2017-11-20 11:31:50,042 [Worker-201] INFO  o.e.m.c.i.embedder.EclipseLogger - skip non existing resourceDirectory /Volumes/Data/Users/leo/workspace/selenium/src/test/resources
2017-11-20 11:32:16,800 [Worker-210] INFO  o.e.m.c.i.embedder.EclipseLogger - Using 'UTF-8' encoding to copy filtered resources.
2017-11-20 11:32:16,800 [Worker-210] INFO  o.e.m.c.i.embedder.EclipseLogger - skip non existing resourceDirectory /Volumes/Data/Users/leo/workspace/selenium/src/main/resources
2017-11-20 11:32:16,802 [Worker-210] INFO  o.e.m.c.i.embedder.EclipseLogger - Using 'UTF-8' encoding to copy filtered resources.
2017-11-20 11:32:16,802 [Worker-210] INFO  o.e.m.c.i.embedder.EclipseLogger - skip non existing resourceDirectory /Volumes/Data/Users/leo/workspace/selenium/src/test/resources
2017-11-20 11:34:18,591 [Worker-198] INFO  o.e.m.c.i.embedder.EclipseLogger - Using 'UTF-8' encoding to copy filtered resources.
2017-11-20 11:34:18,591 [Worker-198] INFO  o.e.m.c.i.embedder.EclipseLogger - skip non existing resourceDirectory /Volumes/Data/Users/leo/workspace/selenium/src/main/resources
2017-11-20 11:34:18,592 [Worker-198] INFO  o.e.m.c.i.embedder.EclipseLogger - Using 'UTF-8' encoding to copy filtered resources.
2017-11-20 11:34:18,593 [Worker-198] INFO  o.e.m.c.i.embedder.EclipseLogger - skip non existing resourceDirectory /Volumes/Data/Users/leo/workspace/selenium/src/test/resources
2017-11-20 11:34:45,228 [Worker-198] INFO  o.e.m.c.i.embedder.EclipseLogger - Using 'UTF-8' encoding to copy filtered resources.
2017-11-20 11:34:45,228 [Worker-198] INFO  o.e.m.c.i.embedder.EclipseLogger - skip non existing resourceDirectory /Volumes/Data/Users/leo/workspace/selenium/src/main/resources
2017-11-20 11:34:45,229 [Worker-198] INFO  o.e.m.c.i.embedder.EclipseLogger - Using 'UTF-8' encoding to copy filtered resources.
2017-11-20 11:34:45,229 [Worker-198] INFO  o.e.m.c.i.embedder.EclipseLogger - skip non existing resourceDirectory /Volumes/Data/Users/leo/workspace/selenium/src/test/resources
2017-11-20 11:34:56,687 [Worker-198] INFO  o.e.m.c.i.embedder.EclipseLogger - Using 'UTF-8' encoding to copy filtered resources.
2017-11-20 11:34:56,687 [Worker-198] INFO  o.e.m.c.i.embedder.EclipseLogger - skip non existing resourceDirectory /Volumes/Data/Users/leo/workspace/selenium/src/main/resources
2017-11-20 11:34:56,687 [Worker-198] INFO  o.e.m.c.i.embedder.EclipseLogger - Using 'UTF-8' encoding to copy filtered resources.
2017-11-20 11:34:56,688 [Worker-198] INFO  o.e.m.c.i.embedder.EclipseLogger - skip non existing resourceDirectory /Volumes/Data/Users/leo/workspace/selenium/src/test/resources
2017-11-20 11:35:37,728 [Worker-209] INFO  o.e.m.c.i.embedder.EclipseLogger - Using 'UTF-8' encoding to copy filtered resources.
2017-11-20 11:35:37,728 [Worker-209] INFO  o.e.m.c.i.embedder.EclipseLogger - skip non existing resourceDirectory /Volumes/Data/Users/leo/workspace/selenium/src/main/resources
2017-11-20 11:35:37,729 [Worker-209] INFO  o.e.m.c.i.embedder.EclipseLogger - Using 'UTF-8' encoding to copy filtered resources.
2017-11-20 11:35:37,729 [Worker-209] INFO  o.e.m.c.i.embedder.EclipseLogger - skip non existing resourceDirectory /Volumes/Data/Users/leo/workspace/selenium/src/test/resources
2017-11-20 11:35:52,753 [Worker-209] INFO  o.e.m.c.i.embedder.EclipseLogger - Using 'UTF-8' encoding to copy filtered resources.
2017-11-20 11:35:52,753 [Worker-209] INFO  o.e.m.c.i.embedder.EclipseLogger - skip non existing resourceDirectory /Volumes/Data/Users/leo/workspace/selenium/src/main/resources
2017-11-20 11:35:52,754 [Worker-209] INFO  o.e.m.c.i.embedder.EclipseLogger - Using 'UTF-8' encoding to copy filtered resources.
2017-11-20 11:35:52,754 [Worker-209] INFO  o.e.m.c.i.embedder.EclipseLogger - skip non existing resourceDirectory /Volumes/Data/Users/leo/workspace/selenium/src/test/resources
2017-11-20 11:36:12,883 [Worker-198] INFO  o.e.m.c.i.embedder.EclipseLogger - Using 'UTF-8' encoding to copy filtered resources.
2017-11-20 11:36:12,883 [Worker-198] INFO  o.e.m.c.i.embedder.EclipseLogger - skip non existing resourceDirectory /Volumes/Data/Users/leo/workspace/selenium/src/main/resources
2017-11-20 11:36:12,884 [Worker-198] INFO  o.e.m.c.i.embedder.EclipseLogger - Using 'UTF-8' encoding to copy filtered resources.
2017-11-20 11:36:12,884 [Worker-198] INFO  o.e.m.c.i.embedder.EclipseLogger - skip non existing resourceDirectory /Volumes/Data/Users/leo/workspace/selenium/src/test/resources
2017-11-20 11:37:59,010 [Worker-210] INFO  o.e.m.c.i.embedder.EclipseLogger - Using 'UTF-8' encoding to copy filtered resources.
2017-11-20 11:37:59,010 [Worker-210] INFO  o.e.m.c.i.embedder.EclipseLogger - skip non existing resourceDirectory /Volumes/Data/Users/leo/workspace/selenium/src/main/resources
2017-11-20 11:37:59,010 [Worker-210] INFO  o.e.m.c.i.embedder.EclipseLogger - Using 'UTF-8' encoding to copy filtered resources.
2017-11-20 11:37:59,011 [Worker-210] INFO  o.e.m.c.i.embedder.EclipseLogger - skip non existing resourceDirectory /Volumes/Data/Users/leo/workspace/selenium/src/test/resources
2017-11-20 11:44:17,959 [Worker-212] INFO  o.e.m.c.i.embedder.EclipseLogger - Using 'UTF-8' encoding to copy filtered resources.
2017-11-20 11:44:17,959 [Worker-212] INFO  o.e.m.c.i.embedder.EclipseLogger - skip non existing resourceDirectory /Volumes/Data/Users/leo/workspace/selenium/src/main/resources
2017-11-20 11:44:17,960 [Worker-212] INFO  o.e.m.c.i.embedder.EclipseLogger - Using 'UTF-8' encoding to copy filtered resources.
2017-11-20 11:44:17,960 [Worker-212] INFO  o.e.m.c.i.embedder.EclipseLogger - skip non existing resourceDirectory /Volumes/Data/Users/leo/workspace/selenium/src/test/resources
2017-11-20 11:45:47,973 [Worker-212] INFO  o.e.m.c.i.embedder.EclipseLogger - Using 'UTF-8' encoding to copy filtered resources.
2017-11-20 11:45:47,973 [Worker-212] INFO  o.e.m.c.i.embedder.EclipseLogger - skip non existing resourceDirectory /Volumes/Data/Users/leo/workspace/selenium/src/main/resources
2017-11-20 11:45:47,974 [Worker-212] INFO  o.e.m.c.i.embedder.EclipseLogger - Using 'UTF-8' encoding to copy filtered resources.
2017-11-20 11:45:47,974 [Worker-212] INFO  o.e.m.c.i.embedder.EclipseLogger - skip non existing resourceDirectory /Volumes/Data/Users/leo/workspace/selenium/src/test/resources
2017-11-20 11:47:19,505 [Worker-212] INFO  o.e.m.c.i.embedder.EclipseLogger - Using 'UTF-8' encoding to copy filtered resources.
2017-11-20 11:47:19,506 [Worker-212] INFO  o.e.m.c.i.embedder.EclipseLogger - skip non existing resourceDirectory /Volumes/Data/Users/leo/workspace/selenium/src/main/resources
2017-11-20 11:47:19,507 [Worker-212] INFO  o.e.m.c.i.embedder.EclipseLogger - Using 'UTF-8' encoding to copy filtered resources.
2017-11-20 11:47:19,507 [Worker-212] INFO  o.e.m.c.i.embedder.EclipseLogger - skip non existing resourceDirectory /Volumes/Data/Users/leo/workspace/selenium/src/test/resources
2017-11-20 11:47:32,734 [Worker-210] INFO  o.e.m.c.i.embedder.EclipseLogger - Using 'UTF-8' encoding to copy filtered resources.
2017-11-20 11:47:32,735 [Worker-210] INFO  o.e.m.c.i.embedder.EclipseLogger - skip non existing resourceDirectory /Volumes/Data/Users/leo/workspace/selenium/src/main/resources
2017-11-20 11:47:32,736 [Worker-210] INFO  o.e.m.c.i.embedder.EclipseLogger - Using 'UTF-8' encoding to copy filtered resources.
2017-11-20 11:47:32,737 [Worker-210] INFO  o.e.m.c.i.embedder.EclipseLogger - skip non existing resourceDirectory /Volumes/Data/Users/leo/workspace/selenium/src/test/resources
2017-11-20 11:50:02,222 [Worker-213] INFO  o.e.m.c.i.embedder.EclipseLogger - Using 'UTF-8' encoding to copy filtered resources.
2017-11-20 11:50:02,222 [Worker-213] INFO  o.e.m.c.i.embedder.EclipseLogger - skip non existing resourceDirectory /Volumes/Data/Users/leo/workspace/selenium/src/main/resources
2017-11-20 11:50:02,224 [Worker-213] INFO  o.e.m.c.i.embedder.EclipseLogger - Using 'UTF-8' encoding to copy filtered resources.
2017-11-20 11:50:02,224 [Worker-213] INFO  o.e.m.c.i.embedder.EclipseLogger - skip non existing resourceDirectory /Volumes/Data/Users/leo/workspace/selenium/src/test/resources
2017-11-20 11:51:33,802 [Worker-210] INFO  o.e.m.c.i.embedder.EclipseLogger - Using 'UTF-8' encoding to copy filtered resources.
2017-11-20 11:51:33,803 [Worker-210] INFO  o.e.m.c.i.embedder.EclipseLogger - skip non existing resourceDirectory /Volumes/Data/Users/leo/workspace/selenium/src/main/resources
2017-11-20 11:51:33,805 [Worker-210] INFO  o.e.m.c.i.embedder.EclipseLogger - Using 'UTF-8' encoding to copy filtered resources.
2017-11-20 11:51:33,805 [Worker-210] INFO  o.e.m.c.i.embedder.EclipseLogger - skip non existing resourceDirectory /Volumes/Data/Users/leo/workspace/selenium/src/test/resources
2017-11-20 11:53:21,697 [Worker-198] INFO  o.e.m.c.i.embedder.EclipseLogger - Using 'UTF-8' encoding to copy filtered resources.
2017-11-20 11:53:21,697 [Worker-198] INFO  o.e.m.c.i.embedder.EclipseLogger - skip non existing resourceDirectory /Volumes/Data/Users/leo/workspace/selenium/src/main/resources
2017-11-20 11:53:21,699 [Worker-198] INFO  o.e.m.c.i.embedder.EclipseLogger - Using 'UTF-8' encoding to copy filtered resources.
2017-11-20 11:53:21,699 [Worker-198] INFO  o.e.m.c.i.embedder.EclipseLogger - skip non existing resourceDirectory /Volumes/Data/Users/leo/workspace/selenium/src/test/resources
2017-11-20 11:55:02,631 [Worker-212] INFO  o.e.m.c.i.embedder.EclipseLogger - Using 'UTF-8' encoding to copy filtered resources.
2017-11-20 11:55:02,632 [Worker-212] INFO  o.e.m.c.i.embedder.EclipseLogger - skip non existing resourceDirectory /Volumes/Data/Users/leo/workspace/selenium/src/main/resources
2017-11-20 11:55:02,633 [Worker-212] INFO  o.e.m.c.i.embedder.EclipseLogger - Using 'UTF-8' encoding to copy filtered resources.
2017-11-20 11:55:02,633 [Worker-212] INFO  o.e.m.c.i.embedder.EclipseLogger - skip non existing resourceDirectory /Volumes/Data/Users/leo/workspace/selenium/src/test/resources
2017-11-20 11:56:50,650 [Worker-211] INFO  o.e.m.c.i.embedder.EclipseLogger - Using 'UTF-8' encoding to copy filtered resources.
2017-11-20 11:56:50,655 [Worker-211] INFO  o.e.m.c.i.embedder.EclipseLogger - skip non existing resourceDirectory /Volumes/Data/Users/leo/workspace/selenium/src/main/resources
2017-11-20 11:56:50,657 [Worker-211] INFO  o.e.m.c.i.embedder.EclipseLogger - Using 'UTF-8' encoding to copy filtered resources.
2017-11-20 11:56:50,657 [Worker-211] INFO  o.e.m.c.i.embedder.EclipseLogger - skip non existing resourceDirectory /Volumes/Data/Users/leo/workspace/selenium/src/test/resources
2017-11-20 12:01:22,400 [Worker-198] INFO  o.e.m.c.i.embedder.EclipseLogger - Using 'UTF-8' encoding to copy filtered resources.
2017-11-20 12:01:22,401 [Worker-198] INFO  o.e.m.c.i.embedder.EclipseLogger - skip non existing resourceDirectory /Volumes/Data/Users/leo/workspace/selenium/src/main/resources
2017-11-20 12:01:22,402 [Worker-198] INFO  o.e.m.c.i.embedder.EclipseLogger - Using 'UTF-8' encoding to copy filtered resources.
2017-11-20 12:01:22,402 [Worker-198] INFO  o.e.m.c.i.embedder.EclipseLogger - skip non existing resourceDirectory /Volumes/Data/Users/leo/workspace/selenium/src/test/resources
2017-11-20 12:02:42,252 [Worker-212] INFO  o.e.m.c.i.embedder.EclipseLogger - Using 'UTF-8' encoding to copy filtered resources.
2017-11-20 12:02:42,254 [Worker-212] INFO  o.e.m.c.i.embedder.EclipseLogger - skip non existing resourceDirectory /Volumes/Data/Users/leo/workspace/selenium/src/main/resources
2017-11-20 12:02:42,255 [Worker-212] INFO  o.e.m.c.i.embedder.EclipseLogger - Using 'UTF-8' encoding to copy filtered resources.
2017-11-20 12:02:42,256 [Worker-212] INFO  o.e.m.c.i.embedder.EclipseLogger - skip non existing resourceDirectory /Volumes/Data/Users/leo/workspace/selenium/src/test/resources
2017-11-20 12:03:58,091 [Worker-198] INFO  o.e.m.c.i.embedder.EclipseLogger - Using 'UTF-8' encoding to copy filtered resources.
2017-11-20 12:03:58,092 [Worker-198] INFO  o.e.m.c.i.embedder.EclipseLogger - skip non existing resourceDirectory /Volumes/Data/Users/leo/workspace/selenium/src/main/resources
2017-11-20 12:03:58,095 [Worker-198] INFO  o.e.m.c.i.embedder.EclipseLogger - Using 'UTF-8' encoding to copy filtered resources.
2017-11-20 12:03:58,096 [Worker-198] INFO  o.e.m.c.i.embedder.EclipseLogger - skip non existing resourceDirectory /Volumes/Data/Users/leo/workspace/selenium/src/test/resources
2017-11-20 12:04:55,432 [Worker-213] INFO  o.e.m.c.i.embedder.EclipseLogger - Using 'UTF-8' encoding to copy filtered resources.
2017-11-20 12:04:55,433 [Worker-213] INFO  o.e.m.c.i.embedder.EclipseLogger - skip non existing resourceDirectory /Volumes/Data/Users/leo/workspace/selenium/src/main/resources
2017-11-20 12:04:55,436 [Worker-213] INFO  o.e.m.c.i.embedder.EclipseLogger - Using 'UTF-8' encoding to copy filtered resources.
2017-11-20 12:04:55,436 [Worker-213] INFO  o.e.m.c.i.embedder.EclipseLogger - skip non existing resourceDirectory /Volumes/Data/Users/leo/workspace/selenium/src/test/resources
2017-11-20 12:05:45,909 [Worker-198] INFO  o.e.m.c.i.embedder.EclipseLogger - Using 'UTF-8' encoding to copy filtered resources.
2017-11-20 12:05:45,909 [Worker-198] INFO  o.e.m.c.i.embedder.EclipseLogger - skip non existing resourceDirectory /Volumes/Data/Users/leo/workspace/selenium/src/main/resources
2017-11-20 12:05:45,910 [Worker-198] INFO  o.e.m.c.i.embedder.EclipseLogger - Using 'UTF-8' encoding to copy filtered resources.
2017-11-20 12:05:45,910 [Worker-198] INFO  o.e.m.c.i.embedder.EclipseLogger - skip non existing resourceDirectory /Volumes/Data/Users/leo/workspace/selenium/src/test/resources
2017-11-20 12:06:23,993 [Worker-213] INFO  o.e.m.c.i.embedder.EclipseLogger - Using 'UTF-8' encoding to copy filtered resources.
2017-11-20 12:06:23,993 [Worker-213] INFO  o.e.m.c.i.embedder.EclipseLogger - skip non existing resourceDirectory /Volumes/Data/Users/leo/workspace/selenium/src/main/resources
2017-11-20 12:06:23,994 [Worker-213] INFO  o.e.m.c.i.embedder.EclipseLogger - Using 'UTF-8' encoding to copy filtered resources.
2017-11-20 12:06:23,994 [Worker-213] INFO  o.e.m.c.i.embedder.EclipseLogger - skip non existing resourceDirectory /Volumes/Data/Users/leo/workspace/selenium/src/test/resources
2017-11-20 12:08:09,929 [Worker-210] INFO  o.e.m.c.i.embedder.EclipseLogger - Using 'UTF-8' encoding to copy filtered resources.
2017-11-20 12:08:09,930 [Worker-210] INFO  o.e.m.c.i.embedder.EclipseLogger - skip non existing resourceDirectory /Volumes/Data/Users/leo/workspace/selenium/src/main/resources
2017-11-20 12:08:09,930 [Worker-210] INFO  o.e.m.c.i.embedder.EclipseLogger - Using 'UTF-8' encoding to copy filtered resources.
2017-11-20 12:08:09,930 [Worker-210] INFO  o.e.m.c.i.embedder.EclipseLogger - skip non existing resourceDirectory /Volumes/Data/Users/leo/workspace/selenium/src/test/resources
2017-11-20 12:08:40,534 [Worker-213] INFO  o.e.m.c.i.embedder.EclipseLogger - Using 'UTF-8' encoding to copy filtered resources.
2017-11-20 12:08:40,534 [Worker-213] INFO  o.e.m.c.i.embedder.EclipseLogger - skip non existing resourceDirectory /Volumes/Data/Users/leo/workspace/selenium/src/main/resources
2017-11-20 12:08:40,535 [Worker-213] INFO  o.e.m.c.i.embedder.EclipseLogger - Using 'UTF-8' encoding to copy filtered resources.
2017-11-20 12:08:40,535 [Worker-213] INFO  o.e.m.c.i.embedder.EclipseLogger - skip non existing resourceDirectory /Volumes/Data/Users/leo/workspace/selenium/src/test/resources
2017-11-20 12:14:11,083 [Worker-215] INFO  o.e.m.c.i.embedder.EclipseLogger - Using 'UTF-8' encoding to copy filtered resources.
2017-11-20 12:14:11,084 [Worker-215] INFO  o.e.m.c.i.embedder.EclipseLogger - skip non existing resourceDirectory /Volumes/Data/Users/leo/workspace/selenium/src/main/resources
2017-11-20 12:14:11,084 [Worker-215] INFO  o.e.m.c.i.embedder.EclipseLogger - Using 'UTF-8' encoding to copy filtered resources.
2017-11-20 12:14:11,085 [Worker-215] INFO  o.e.m.c.i.embedder.EclipseLogger - skip non existing resourceDirectory /Volumes/Data/Users/leo/workspace/selenium/src/test/resources
2017-11-20 12:14:19,907 [Worker-212] INFO  o.e.m.c.i.embedder.EclipseLogger - Using 'UTF-8' encoding to copy filtered resources.
2017-11-20 12:14:19,907 [Worker-212] INFO  o.e.m.c.i.embedder.EclipseLogger - skip non existing resourceDirectory /Volumes/Data/Users/leo/workspace/selenium/src/main/resources
2017-11-20 12:14:19,909 [Worker-212] INFO  o.e.m.c.i.embedder.EclipseLogger - Using 'UTF-8' encoding to copy filtered resources.
2017-11-20 12:14:19,909 [Worker-212] INFO  o.e.m.c.i.embedder.EclipseLogger - skip non existing resourceDirectory /Volumes/Data/Users/leo/workspace/selenium/src/test/resources
2017-11-20 12:15:34,820 [Worker-210] INFO  o.e.m.c.i.embedder.EclipseLogger - Using 'UTF-8' encoding to copy filtered resources.
2017-11-20 12:15:34,820 [Worker-210] INFO  o.e.m.c.i.embedder.EclipseLogger - skip non existing resourceDirectory /Volumes/Data/Users/leo/workspace/selenium/src/main/resources
2017-11-20 12:15:34,821 [Worker-210] INFO  o.e.m.c.i.embedder.EclipseLogger - Using 'UTF-8' encoding to copy filtered resources.
2017-11-20 12:15:34,821 [Worker-210] INFO  o.e.m.c.i.embedder.EclipseLogger - skip non existing resourceDirectory /Volumes/Data/Users/leo/workspace/selenium/src/test/resources
2017-11-20 12:15:43,451 [Worker-210] INFO  o.e.m.c.i.embedder.EclipseLogger - Using 'UTF-8' encoding to copy filtered resources.
2017-11-20 12:15:43,451 [Worker-210] INFO  o.e.m.c.i.embedder.EclipseLogger - skip non existing resourceDirectory /Volumes/Data/Users/leo/workspace/selenium/src/main/resources
2017-11-20 12:15:43,452 [Worker-210] INFO  o.e.m.c.i.embedder.EclipseLogger - Using 'UTF-8' encoding to copy filtered resources.
2017-11-20 12:15:43,452 [Worker-210] INFO  o.e.m.c.i.embedder.EclipseLogger - skip non existing resourceDirectory /Volumes/Data/Users/leo/workspace/selenium/src/test/resources
2017-11-20 12:16:12,349 [Worker-212] INFO  o.e.m.c.i.embedder.EclipseLogger - Using 'UTF-8' encoding to copy filtered resources.
2017-11-20 12:16:12,349 [Worker-212] INFO  o.e.m.c.i.embedder.EclipseLogger - skip non existing resourceDirectory /Volumes/Data/Users/leo/workspace/selenium/src/main/resources
2017-11-20 12:16:12,349 [Worker-212] INFO  o.e.m.c.i.embedder.EclipseLogger - Using 'UTF-8' encoding to copy filtered resources.
2017-11-20 12:16:12,349 [Worker-212] INFO  o.e.m.c.i.embedder.EclipseLogger - skip non existing resourceDirectory /Volumes/Data/Users/leo/workspace/selenium/src/test/resources
2017-11-20 12:16:58,848 [Worker-210] INFO  o.e.m.c.i.embedder.EclipseLogger - Using 'UTF-8' encoding to copy filtered resources.
2017-11-20 12:16:58,848 [Worker-210] INFO  o.e.m.c.i.embedder.EclipseLogger - skip non existing resourceDirectory /Volumes/Data/Users/leo/workspace/selenium/src/main/resources
2017-11-20 12:16:58,848 [Worker-210] INFO  o.e.m.c.i.embedder.EclipseLogger - Using 'UTF-8' encoding to copy filtered resources.
2017-11-20 12:16:58,849 [Worker-210] INFO  o.e.m.c.i.embedder.EclipseLogger - skip non existing resourceDirectory /Volumes/Data/Users/leo/workspace/selenium/src/test/resources
